  Game.cpp
C:\Users\GL553VD\source\repos\VJ_2D\02-Bubble\02-Bubble\Game.cpp(1,10): fatal error C1083: No se puede abrir el archivo incluir: 'GL/glew.h': No such file or directory
  Help.cpp
C:\Users\GL553VD\source\repos\VJ_2D\02-Bubble\02-Bubble\Scene.h(2,10): fatal error C1083: No se puede abrir el archivo incluir: 'glm/glm.hpp': No such file or directory
  main.cpp
C:\Users\GL553VD\source\repos\VJ_2D\02-Bubble\02-Bubble\main.cpp(1,10): fatal error C1083: No se puede abrir el archivo incluir: 'GL/glew.h': No such file or directory
  Menu.cpp
C:\Users\GL553VD\source\repos\VJ_2D\02-Bubble\02-Bubble\Scene.h(2,10): fatal error C1083: No se puede abrir el archivo incluir: 'glm/glm.hpp': No such file or directory
  Play.cpp
C:\Users\GL553VD\source\repos\VJ_2D\02-Bubble\02-Bubble\Scene.h(2,10): fatal error C1083: No se puede abrir el archivo incluir: 'glm/glm.hpp': No such file or directory
  Player.cpp
C:\Users\GL553VD\source\repos\VJ_2D\02-Bubble\02-Bubble\Player.cpp(3,10): fatal error C1083: No se puede abrir el archivo incluir: 'GL/glew.h': No such file or directory
  Scene.cpp
C:\Users\GL553VD\source\repos\VJ_2D\02-Bubble\02-Bubble\Scene.cpp(3,10): fatal error C1083: No se puede abrir el archivo incluir: 'glm/gtc/matrix_transform.hpp': No such file or directory
  Shader.cpp
C:\Users\GL553VD\source\repos\VJ_2D\02-Bubble\02-Bubble\Shader.h(6,10): fatal error C1083: No se puede abrir el archivo incluir: 'GL/glew.h': No such file or directory
  ShaderProgram.cpp
C:\Users\GL553VD\source\repos\VJ_2D\02-Bubble\02-Bubble\ShaderProgram.cpp(1,10): fatal error C1083: No se puede abrir el archivo incluir: 'glm/gtc/type_ptr.hpp': No such file or directory
  Credits.cpp
C:\Users\GL553VD\source\repos\VJ_2D\02-Bubble\02-Bubble\Scene.h(2,10): fatal error C1083: No se puede abrir el archivo incluir: 'glm/glm.hpp': No such file or directory
  Sprite.cpp
C:\Users\GL553VD\source\repos\VJ_2D\02-Bubble\02-Bubble\Sprite.cpp(1,10): fatal error C1083: No se puede abrir el archivo incluir: 'GL/glew.h': No such file or directory
  Texture.cpp
C:\Users\GL553VD\source\repos\VJ_2D\02-Bubble\02-Bubble\Texture.cpp(1,10): fatal error C1083: No se puede abrir el archivo incluir: 'SOIL.h': No such file or directory
  TileMap.cpp
C:\Users\GL553VD\source\repos\VJ_2D\02-Bubble\02-Bubble\TileMap.h(5,10): fatal error C1083: No se puede abrir el archivo incluir: 'glm/glm.hpp': No such file or directory
  Generando código...
