  Ball.cpp
  Digit.cpp
  Game.cpp
  Guard.cpp
  Help.cpp
  Info.cpp
  Level.cpp
D:\Users\jrefu\Desktop\VJ\VJ_2D\2DGame\02-Bubble\02-Bubble\Level.cpp(133,19): warning C4244: '=': conversión de 'float' a 'int'; posible pérdida de datos
D:\Users\jrefu\Desktop\VJ\VJ_2D\2DGame\02-Bubble\02-Bubble\Level.cpp(134,20): warning C4244: '=': conversión de 'float' a 'int'; posible pérdida de datos
D:\Users\jrefu\Desktop\VJ\VJ_2D\2DGame\02-Bubble\02-Bubble\Level.cpp(135,38): warning C4244: '=': conversión de 'float' a 'int'; posible pérdida de datos
D:\Users\jrefu\Desktop\VJ\VJ_2D\2DGame\02-Bubble\02-Bubble\Level.cpp(186,32): warning C4129: ' ': secuencia de escape de carácter no reconocida
D:\Users\jrefu\Desktop\VJ\VJ_2D\2DGame\02-Bubble\02-Bubble\Level.cpp(207,32): warning C4129: ' ': secuencia de escape de carácter no reconocida
D:\Users\jrefu\Desktop\VJ\VJ_2D\2DGame\02-Bubble\02-Bubble\Level.cpp(336,30): warning C4129: ' ': secuencia de escape de carácter no reconocida
  main.cpp
  Menu.cpp
  Play.cpp
  Player.cpp
  Scene.cpp
  Shader.cpp
  ShaderProgram.cpp
  Credits.cpp
  Sprite.cpp
  Texture.cpp
  Thief.cpp
  TileMap.cpp
D:\Users\jrefu\Desktop\VJ\VJ_2D\2DGame\02-Bubble\02-Bubble\TileMap.cpp(95,65): warning C4244: '+=': conversión de 'double' a 'int'; posible pérdida de datos
D:\Users\jrefu\Desktop\VJ\VJ_2D\2DGame\02-Bubble\02-Bubble\TileMap.cpp(96,64): warning C4244: '+=': conversión de 'double' a 'int'; posible pérdida de datos
D:\Users\jrefu\Desktop\VJ\VJ_2D\2DGame\02-Bubble\02-Bubble\TileMap.cpp(97,66): warning C4244: '+=': conversión de 'double' a 'int'; posible pérdida de datos
D:\Users\jrefu\Desktop\VJ\VJ_2D\2DGame\02-Bubble\02-Bubble\TileMap.cpp(98,69): warning C4244: '+=': conversión de 'double' a 'int'; posible pérdida de datos
  Generando código...
  LINK : no se encontró D:\Users\jrefu\Desktop\VJ\VJ_2D\2DGame\02-Bubble\Debug\02-Bubble.exe o no lo generó el último vínculo incremental; ejecutando vínculo completo
SOIL.lib(image_DXT.obj) : warning LNK4099: no se encontró PDB 'vc100.pdb' con 'SOIL.lib(image_DXT.obj)' o en 'D:\Users\jrefu\Desktop\VJ\VJ_2D\2DGame\02-Bubble\Debug\vc100.pdb'; se vinculará el objeto sin tener en cuenta información de depuración
SOIL.lib(image_helper.obj) : warning LNK4099: no se encontró PDB 'vc100.pdb' con 'SOIL.lib(image_helper.obj)' o en 'D:\Users\jrefu\Desktop\VJ\VJ_2D\2DGame\02-Bubble\Debug\vc100.pdb'; se vinculará el objeto sin tener en cuenta información de depuración
SOIL.lib(SOIL.obj) : warning LNK4099: no se encontró PDB 'vc100.pdb' con 'SOIL.lib(SOIL.obj)' o en 'D:\Users\jrefu\Desktop\VJ\VJ_2D\2DGame\02-Bubble\Debug\vc100.pdb'; se vinculará el objeto sin tener en cuenta información de depuración
SOIL.lib(stb_image_aug.obj) : warning LNK4099: no se encontró PDB 'vc100.pdb' con 'SOIL.lib(stb_image_aug.obj)' o en 'D:\Users\jrefu\Desktop\VJ\VJ_2D\2DGame\02-Bubble\Debug\vc100.pdb'; se vinculará el objeto sin tener en cuenta información de depuración
  02-Bubble.vcxproj -> D:\Users\jrefu\Desktop\VJ\VJ_2D\2DGame\02-Bubble\Debug\02-Bubble.exe
