d:\users\jrefu\desktop\vj\vj_2d\2dgame\02-bubble\02-bubble\debug\vc142.pdb
d:\users\jrefu\desktop\vj\vj_2d\2dgame\02-bubble\02-bubble\debug\vc142.idb
d:\users\jrefu\desktop\vj\vj_2d\2dgame\02-bubble\02-bubble\debug\tilemap.obj
d:\users\jrefu\desktop\vj\vj_2d\2dgame\02-bubble\02-bubble\debug\thief.obj
d:\users\jrefu\desktop\vj\vj_2d\2dgame\02-bubble\02-bubble\debug\texture.obj
d:\users\jrefu\desktop\vj\vj_2d\2dgame\02-bubble\02-bubble\debug\sprite.obj
d:\users\jrefu\desktop\vj\vj_2d\2dgame\02-bubble\02-bubble\debug\credits.obj
d:\users\jrefu\desktop\vj\vj_2d\2dgame\02-bubble\02-bubble\debug\shaderprogram.obj
d:\users\jrefu\desktop\vj\vj_2d\2dgame\02-bubble\02-bubble\debug\shader.obj
d:\users\jrefu\desktop\vj\vj_2d\2dgame\02-bubble\02-bubble\debug\scene.obj
d:\users\jrefu\desktop\vj\vj_2d\2dgame\02-bubble\02-bubble\debug\playerpassword.obj
d:\users\jrefu\desktop\vj\vj_2d\2dgame\02-bubble\02-bubble\debug\player.obj
d:\users\jrefu\desktop\vj\vj_2d\2dgame\02-bubble\02-bubble\debug\play.obj
d:\users\jrefu\desktop\vj\vj_2d\2dgame\02-bubble\02-bubble\debug\menu.obj
d:\users\jrefu\desktop\vj\vj_2d\2dgame\02-bubble\02-bubble\debug\main.obj
d:\users\jrefu\desktop\vj\vj_2d\2dgame\02-bubble\02-bubble\debug\level.obj
d:\users\jrefu\desktop\vj\vj_2d\2dgame\02-bubble\02-bubble\debug\info.obj
d:\users\jrefu\desktop\vj\vj_2d\2dgame\02-bubble\02-bubble\debug\help.obj
d:\users\jrefu\desktop\vj\vj_2d\2dgame\02-bubble\02-bubble\debug\guard.obj
d:\users\jrefu\desktop\vj\vj_2d\2dgame\02-bubble\02-bubble\debug\game.obj
d:\users\jrefu\desktop\vj\vj_2d\2dgame\02-bubble\02-bubble\debug\digit.obj
d:\users\jrefu\desktop\vj\vj_2d\2dgame\02-bubble\02-bubble\debug\ball.obj
d:\users\jrefu\desktop\vj\vj_2d\2dgame\02-bubble\debug\02-bubble.exe
d:\users\jrefu\desktop\vj\vj_2d\2dgame\02-bubble\debug\02-bubble.ilk
d:\users\jrefu\desktop\vj\vj_2d\2dgame\02-bubble\debug\02-bubble.pdb
d:\users\jrefu\desktop\vj\vj_2d\2dgame\02-bubble\02-bubble\debug\game.obj.enc
d:\users\jrefu\desktop\vj\vj_2d\2dgame\02-bubble\02-bubble\debug\level.obj.enc
d:\users\jrefu\desktop\vj\vj_2d\2dgame\02-bubble\02-bubble\debug\menu.new.obj.enc
d:\users\jrefu\desktop\vj\vj_2d\2dgame\02-bubble\02-bubble\debug\02-bubble.tlog\cl.command.1.tlog
d:\users\jrefu\desktop\vj\vj_2d\2dgame\02-bubble\02-bubble\debug\02-bubble.tlog\cl.read.1.tlog
d:\users\jrefu\desktop\vj\vj_2d\2dgame\02-bubble\02-bubble\debug\02-bubble.tlog\cl.write.1.tlog
d:\users\jrefu\desktop\vj\vj_2d\2dgame\02-bubble\02-bubble\debug\02-bubble.tlog\link.command.1.tlog
d:\users\jrefu\desktop\vj\vj_2d\2dgame\02-bubble\02-bubble\debug\02-bubble.tlog\link.read.1.tlog
d:\users\jrefu\desktop\vj\vj_2d\2dgame\02-bubble\02-bubble\debug\02-bubble.tlog\link.write.1.tlog
