  Ball.cpp
D:\Users\jrefu\Desktop\VJ\VJ_2D\Projecte\2DGame\02-Bubble\02-Bubble\Game.h(12,10): fatal error C1083: No se puede abrir el archivo incluir: 'irrKlang.h': No such file or directory
  Digit.cpp
D:\Users\jrefu\Desktop\VJ\VJ_2D\Projecte\2DGame\02-Bubble\02-Bubble\Game.h(12,10): fatal error C1083: No se puede abrir el archivo incluir: 'irrKlang.h': No such file or directory
  Game.cpp
D:\Users\jrefu\Desktop\VJ\VJ_2D\Projecte\2DGame\02-Bubble\02-Bubble\Game.h(12,10): fatal error C1083: No se puede abrir el archivo incluir: 'irrKlang.h': No such file or directory
  Guard.cpp
D:\Users\jrefu\Desktop\VJ\VJ_2D\Projecte\2DGame\02-Bubble\02-Bubble\Game.h(12,10): fatal error C1083: No se puede abrir el archivo incluir: 'irrKlang.h': No such file or directory
  Help.cpp
D:\Users\jrefu\Desktop\VJ\VJ_2D\Projecte\2DGame\02-Bubble\02-Bubble\Game.h(12,10): fatal error C1083: No se puede abrir el archivo incluir: 'irrKlang.h': No such file or directory
  Info.cpp
D:\Users\jrefu\Desktop\VJ\VJ_2D\Projecte\2DGame\02-Bubble\02-Bubble\Game.h(12,10): fatal error C1083: No se puede abrir el archivo incluir: 'irrKlang.h': No such file or directory
  Level.cpp
D:\Users\jrefu\Desktop\VJ\VJ_2D\Projecte\2DGame\02-Bubble\02-Bubble\Game.h(12,10): fatal error C1083: No se puede abrir el archivo incluir: 'irrKlang.h': No such file or directory
  main.cpp
D:\Users\jrefu\Desktop\VJ\VJ_2D\Projecte\2DGame\02-Bubble\02-Bubble\Game.h(12,10): fatal error C1083: No se puede abrir el archivo incluir: 'irrKlang.h': No such file or directory
  Menu.cpp
D:\Users\jrefu\Desktop\VJ\VJ_2D\Projecte\2DGame\02-Bubble\02-Bubble\Game.h(12,10): fatal error C1083: No se puede abrir el archivo incluir: 'irrKlang.h': No such file or directory
  Play.cpp
D:\Users\jrefu\Desktop\VJ\VJ_2D\Projecte\2DGame\02-Bubble\02-Bubble\Game.h(12,10): fatal error C1083: No se puede abrir el archivo incluir: 'irrKlang.h': No such file or directory
  Player.cpp
D:\Users\jrefu\Desktop\VJ\VJ_2D\Projecte\2DGame\02-Bubble\02-Bubble\Game.h(12,10): fatal error C1083: No se puede abrir el archivo incluir: 'irrKlang.h': No such file or directory
  PlayerPassword.cpp
D:\Users\jrefu\Desktop\VJ\VJ_2D\Projecte\2DGame\02-Bubble\02-Bubble\Game.h(12,10): fatal error C1083: No se puede abrir el archivo incluir: 'irrKlang.h': No such file or directory
  Scene.cpp
  Shader.cpp
  ShaderProgram.cpp
  Credits.cpp
D:\Users\jrefu\Desktop\VJ\VJ_2D\Projecte\2DGame\02-Bubble\02-Bubble\Game.h(12,10): fatal error C1083: No se puede abrir el archivo incluir: 'irrKlang.h': No such file or directory
  Sprite.cpp
  Texture.cpp
  Thief.cpp
D:\Users\jrefu\Desktop\VJ\VJ_2D\Projecte\2DGame\02-Bubble\02-Bubble\Game.h(12,10): fatal error C1083: No se puede abrir el archivo incluir: 'irrKlang.h': No such file or directory
  TileMap.cpp
D:\Users\jrefu\Desktop\VJ\VJ_2D\Projecte\2DGame\02-Bubble\02-Bubble\Game.h(12,10): fatal error C1083: No se puede abrir el archivo incluir: 'irrKlang.h': No such file or directory
